<?xml version="1.0" encoding="UTF-8"?>
<!-- Generated by org.testng.reporters.JUnitReportReporter -->
<testsuite hostname="Lenovo-PC" failures="0" tests="1" name="com.qa.test.POSTAPITest" time="15.006" errors="0" timestamp="2020-04-14T20:24:46 IST" skipped="0">
  <testcase classname="com.qa.test.POSTAPITest" name="postAPIMethod" time="15.006"/>
  <system-out/>
</testsuite> <!-- com.qa.test.POSTAPITest -->
