<?xml version="1.0" encoding="UTF-8"?>
<!-- Generated by org.testng.reporters.JUnitReportReporter -->
<testsuite hostname="Lenovo-PC" failures="0" tests="2" name="com.qa.test.GetAPITest" time="3.782" errors="0" timestamp="2020-04-14T20:23:55 IST" skipped="0">
  <testcase classname="com.qa.test.GetAPITest" name="getAPITestwithout" time="3.483"/>
  <system-out/>
  <testcase classname="com.qa.test.GetAPITest" name="getAPITestwithHeaders" time="0.299"/>
  <system-out/>
</testsuite> <!-- com.qa.test.GetAPITest -->
